2023-06-29 11:40:21,828 [INFO] Activator:176 - 


2023-06-29 11:40:21,830 [INFO] Activator:177 - !SESSION log4j initialized
2023-06-29 11:40:24,001 [INFO] LogOutputStream:77 - [STDOUT_REDIRECT] 
2023-06-29 11:40:44,874 [INFO] ApplicationProperties:184 - Using Application install path: /opt/st/stm32cubeide_1.12.0/../../../home/tjp/.eclipse/com.st.stm32cube.ide.mcu.rcp.product_1.12.0_139061330_linux_gtk_x86_64/plugins/com.st.stm32cube.common.mx_6.8.1.202304191431
2023-06-29 11:40:44,912 [INFO] DbMcusXml:78 - Set database path to: /opt/st/stm32cubeide_1.12.0/../../../home/tjp/.eclipse/com.st.stm32cube.ide.mcu.rcp.product_1.12.0_139061330_linux_gtk_x86_64/plugins/com.st.stm32cube.common.mx_6.8.1.202304191431//db//mcu/
2023-06-29 11:40:44,913 [INFO] ApiDb:274 - Set plugin database path to: /opt/st/stm32cubeide_1.12.0/../../../home/tjp/.eclipse/com.st.stm32cube.ide.mcu.rcp.product_1.12.0_139061330_linux_gtk_x86_64/plugins/com.st.stm32cube.common.mx_6.8.1.202304191431//db//plugins/boardmanager/
2023-06-29 11:40:44,921 [WARN] ApiDb:259 - Overriding images path with different value:  => /opt/st/stm32cubeide_1.12.0/../../../home/tjp/.eclipse/com.st.stm32cube.ide.mcu.rcp.product_1.12.0_139061330_linux_gtk_x86_64/plugins/com.st.stm32cube.common.mx_6.8.1.202304191431//db//plugins/mcufinder/images/
2023-06-29 11:40:44,943 [INFO] ApiDb:250 - Set database path to: /home/tjp/.stmcufinder/plugins/mcufinder//mcu/
2023-06-29 11:40:44,945 [INFO] DbMcusAds:125 - Set database path to: /home/tjp/.stmcufinder/plugins/mcufinder//mcu/
2023-06-29 11:40:44,966 [INFO] CrossReferenceDbSqlite:203 - Set database path to: /home/tjp/.stmcufinder/plugins/mcufinder//mcu/cs/
2023-06-29 11:40:45,195 [INFO] RulesReader:64 - Compatibility file has been processed (293 Rules)
2023-06-29 11:40:45,336 [INFO] DbMcusXml:78 - Set database path to: /opt/st/stm32cubeide_1.12.0/../../../home/tjp/.eclipse/com.st.stm32cube.ide.mcu.rcp.product_1.12.0_139061330_linux_gtk_x86_64/plugins/com.st.stm32cube.common.mx_6.8.1.202304191431//db//mcu/
2023-06-29 11:40:45,337 [INFO] ApiDb:274 - Set plugin database path to: /opt/st/stm32cubeide_1.12.0/../../../home/tjp/.eclipse/com.st.stm32cube.ide.mcu.rcp.product_1.12.0_139061330_linux_gtk_x86_64/plugins/com.st.stm32cube.common.mx_6.8.1.202304191431//db//plugins/boardmanager/
2023-06-29 11:40:45,337 [INFO] ApiDb:261 - Set plugin images path to: /opt/st/stm32cubeide_1.12.0/../../../home/tjp/.eclipse/com.st.stm32cube.ide.mcu.rcp.product_1.12.0_139061330_linux_gtk_x86_64/plugins/com.st.stm32cube.common.mx_6.8.1.202304191431//db//plugins/mcufinder/images/
2023-06-29 11:40:45,338 [WARN] DbFile:41 - Overriding database path with different value: /home/tjp/.stmcufinder/plugins/mcufinder/ => /home/tjp/.stmcufinder/plugins/mcufinder
2023-06-29 11:40:45,338 [INFO] ApiDb:250 - Set database path to: /home/tjp/.stmcufinder/plugins/mcufinder//mcu/
2023-06-29 11:40:45,338 [WARN] DbFile:41 - Overriding database path with different value: /home/tjp/.stmcufinder/plugins/mcufinder/ => /home/tjp/.stmcufinder/plugins/mcufinder
2023-06-29 11:40:45,338 [INFO] DbMcusAds:125 - Set database path to: /home/tjp/.stmcufinder/plugins/mcufinder//mcu/
2023-06-29 11:40:45,338 [WARN] DbFile:41 - Overriding database path with different value: /home/tjp/.stmcufinder/plugins/mcufinder/ => /home/tjp/.stmcufinder/plugins/mcufinder
2023-06-29 11:40:45,338 [WARN] DbFile:41 - Overriding database path with different value: /home/tjp/.stmcufinder/plugins/mcufinder/ => /home/tjp/.stmcufinder/plugins/mcufinder
2023-06-29 11:40:45,339 [INFO] CrossReferenceDbSqlite:203 - Set database path to: /home/tjp/.stmcufinder/plugins/mcufinder//mcu/cs/
2023-06-29 11:40:45,434 [INFO] MainPanel:253 - HeapMemory: 308281344
2023-06-29 11:40:45,557 [INFO] DbMcusXml:78 - Set database path to: /opt/st/stm32cubeide_1.12.0/../../../home/tjp/.eclipse/com.st.stm32cube.ide.mcu.rcp.product_1.12.0_139061330_linux_gtk_x86_64/plugins/com.st.stm32cube.common.mx_6.8.1.202304191431//db//mcu/
2023-06-29 11:40:45,557 [INFO] ApiDb:274 - Set plugin database path to: /opt/st/stm32cubeide_1.12.0/../../../home/tjp/.eclipse/com.st.stm32cube.ide.mcu.rcp.product_1.12.0_139061330_linux_gtk_x86_64/plugins/com.st.stm32cube.common.mx_6.8.1.202304191431//db//plugins/boardmanager/
2023-06-29 11:40:45,557 [INFO] ApiDb:261 - Set plugin images path to: /opt/st/stm32cubeide_1.12.0/../../../home/tjp/.eclipse/com.st.stm32cube.ide.mcu.rcp.product_1.12.0_139061330_linux_gtk_x86_64/plugins/com.st.stm32cube.common.mx_6.8.1.202304191431//db//plugins/mcufinder/images/
2023-06-29 11:40:45,558 [WARN] DbFile:41 - Overriding database path with different value: /home/tjp/.stmcufinder/plugins/mcufinder/ => /home/tjp/.stmcufinder/plugins/mcufinder
2023-06-29 11:40:45,558 [INFO] ApiDb:250 - Set database path to: /home/tjp/.stmcufinder/plugins/mcufinder//mcu/
2023-06-29 11:40:45,558 [WARN] DbFile:41 - Overriding database path with different value: /home/tjp/.stmcufinder/plugins/mcufinder/ => /home/tjp/.stmcufinder/plugins/mcufinder
2023-06-29 11:40:45,558 [INFO] DbMcusAds:125 - Set database path to: /home/tjp/.stmcufinder/plugins/mcufinder//mcu/
2023-06-29 11:40:45,558 [WARN] DbFile:41 - Overriding database path with different value: /home/tjp/.stmcufinder/plugins/mcufinder/ => /home/tjp/.stmcufinder/plugins/mcufinder
2023-06-29 11:40:45,559 [WARN] DbFile:41 - Overriding database path with different value: /home/tjp/.stmcufinder/plugins/mcufinder/ => /home/tjp/.stmcufinder/plugins/mcufinder
2023-06-29 11:40:45,559 [INFO] CrossReferenceDbSqlite:203 - Set database path to: /home/tjp/.stmcufinder/plugins/mcufinder//mcu/cs/
2023-06-29 11:40:45,585 [INFO] ApplicationProperties:184 - Using Application install path: /opt/st/stm32cubeide_1.12.0/../../../home/tjp/.eclipse/com.st.stm32cube.ide.mcu.rcp.product_1.12.0_139061330_linux_gtk_x86_64/plugins/com.st.stm32cube.common.mx_6.8.1.202304191431
2023-06-29 11:40:45,588 [INFO] PluginManage:196 - Search for loadable plugins [exclusion list=, ]
2023-06-29 11:40:45,590 [INFO] PluginManage:310 - Check plugin analytics
2023-06-29 11:40:45,815 [INFO] AnalyticsPlugin:253 - Accepted Software Licenses: 
2023-06-29 11:40:45,816 [INFO] AnalyticsPlugin:255 - Accepted CMSIS Pack Licenses: STMicroelectronics.X-CUBE-EEPRMA1.4.1.0,STMicroelectronics.X-CUBE-TOUCHGFX.4.21.3,STMicroelectronics.X-CUBE-TOF1.3.3.0
2023-06-29 11:40:45,816 [INFO] AnalyticsPlugin:257 - Accepted Firmware Licenses: FW.G0.1.6.0,FW.F7.1.17.0
2023-06-29 11:40:45,836 [INFO] PluginManage:359 - Loaded plugin analytics (category:tool,tabindex:-1)
2023-06-29 11:40:45,837 [INFO] PluginManage:310 - Check plugin cadmodel
2023-06-29 11:40:45,905 [INFO] CADModel:105 - Init CAD model plugin
2023-06-29 11:40:45,905 [INFO] PluginManage:359 - Loaded plugin cadmodel (category:power,tabindex:5)
2023-06-29 11:40:45,905 [INFO] PluginManage:310 - Check plugin clock
2023-06-29 11:40:45,918 [INFO] PluginManage:359 - Loaded plugin clock (category:base,tabindex:2)
2023-06-29 11:40:45,919 [INFO] PluginManage:310 - Check plugin ddr
2023-06-29 11:40:45,922 [INFO] PluginManage:359 - Loaded plugin ddr (category:tool,tabindex:6)
2023-06-29 11:40:45,922 [INFO] PluginManage:310 - Check plugin filemanager
2023-06-29 11:40:46,008 [ERROR] LogOutputStream:75 - [STDERR_REDIRECT] SLF4J: Failed to load class "org.slf4j.impl.StaticLoggerBinder".
2023-06-29 11:40:46,016 [ERROR] LogOutputStream:75 - [STDERR_REDIRECT] SLF4J: Defaulting to no-operation (NOP) logger implementation
2023-06-29 11:40:46,017 [ERROR] LogOutputStream:75 - [STDERR_REDIRECT] SLF4J: See http://www.slf4j.org/codes.html#StaticLoggerBinder for further details.
2023-06-29 11:40:46,142 [INFO] PluginManage:359 - Loaded plugin filemanager (category:base,tabindex:10)
2023-06-29 11:40:46,143 [INFO] PluginManage:310 - Check plugin ipmanager
2023-06-29 11:40:46,157 [INFO] PluginManage:359 - Loaded plugin ipmanager (category:base,tabindex:5)
2023-06-29 11:40:46,157 [INFO] PluginManage:310 - Check plugin lpbam
2023-06-29 11:40:46,168 [INFO] PluginManage:359 - Loaded plugin lpbam (category:base,tabindex:0)
2023-06-29 11:40:46,169 [INFO] PluginManage:310 - Check plugin pinoutandconfiguration
2023-06-29 11:40:46,177 [INFO] PluginManage:359 - Loaded plugin pinoutandconfiguration (category:base,tabindex:1)
2023-06-29 11:40:46,177 [INFO] PluginManage:310 - Check plugin pinoutconfig
2023-06-29 11:40:46,281 [WARN] SupportedApi:132 - Cannot load RTOS API schema: s4s-elt-must-match.1: The content of 'definitions' must match (annotation?, (simpleType | complexType)?, (unique | key | keyref)*)). A problem was found starting at: attribute.
2023-06-29 11:40:46,517 [INFO] PluginManage:359 - Loaded plugin pinoutconfig (category:base,tabindex:0)
2023-06-29 11:40:46,518 [INFO] PluginManage:310 - Check plugin power
2023-06-29 11:40:46,542 [INFO] PluginManage:359 - Loaded plugin power (category:power,tabindex:4)
2023-06-29 11:40:46,542 [INFO] PluginManage:310 - Check plugin projectmanager
2023-06-29 11:40:46,589 [INFO] PluginManage:359 - Loaded plugin projectmanager (category:projectmanager,tabindex:3)
2023-06-29 11:40:46,589 [INFO] PluginManage:310 - Check plugin thirdparty
2023-06-29 11:40:46,777 [INFO] PluginManage:359 - Loaded plugin thirdparty (category:base,tabindex:-1)
2023-06-29 11:40:46,778 [INFO] PluginManage:310 - Check plugin tools
2023-06-29 11:40:46,781 [INFO] PluginManage:359 - Loaded plugin tools (category:base,tabindex:7)
2023-06-29 11:40:46,781 [INFO] PluginManage:310 - Check plugin tutovideos
2023-06-29 11:40:46,776 [WARN] IntegrityCheckThread:84 - waiting for thirdparty lock release [integrity check]
2023-06-29 11:40:46,784 [INFO] IntegrityCheckThread:86 - entering critical section [integrity check]
2023-06-29 11:40:46,786 [INFO] ThirdPartyUpdaterWithRetryManager:70 - Updater plugin not ready yet. [1/15]
2023-06-29 11:40:47,092 [INFO] PluginManage:359 - Loaded plugin tutovideos (category:base,tabindex:-1)
2023-06-29 11:40:47,092 [INFO] PluginManage:310 - Check plugin updater
2023-06-29 11:40:47,114 [INFO] PluginManage:359 - Loaded plugin updater (category:base,tabindex:12)
2023-06-29 11:40:47,114 [INFO] PluginManage:283 - PluginManage : Loaded plugins [15]
2023-06-29 11:40:47,590 [INFO] PinOutPanel:1499 - setPackage(No Configuration,No Configuration)
2023-06-29 11:40:47,663 [INFO] CADModel:165 - CPN selected for project level
2023-06-29 11:40:47,664 [INFO] CADModel:114 - Register for checkConnection events
2023-06-29 11:40:47,682 [INFO] IPUIPlugin:80 - create IPUIPlugin
2023-06-29 11:40:47,683 [INFO] PluginManager:220 - loadIPPluginJar : add can
2023-06-29 11:40:47,686 [INFO] IPUIPlugin:80 - create IPUIPlugin
2023-06-29 11:40:47,686 [INFO] PluginManager:220 - loadIPPluginJar : add dfsdm
2023-06-29 11:40:47,691 [INFO] IPUIPlugin:80 - create IPUIPlugin
2023-06-29 11:40:47,691 [INFO] PluginManager:220 - loadIPPluginJar : add touchsensing
2023-06-29 11:40:47,699 [INFO] IPUIPlugin:80 - create IPUIPlugin
2023-06-29 11:40:47,700 [INFO] PluginManager:220 - loadIPPluginJar : add gic
2023-06-29 11:40:47,704 [INFO] IPUIPlugin:80 - create IPUIPlugin
2023-06-29 11:40:47,704 [INFO] PluginManager:220 - loadIPPluginJar : add gtzc
2023-06-29 11:40:47,707 [INFO] IPUIPlugin:80 - create IPUIPlugin
2023-06-29 11:40:47,707 [INFO] PluginManager:220 - loadIPPluginJar : add cryp
2023-06-29 11:40:47,715 [INFO] IPUIPlugin:80 - create IPUIPlugin
2023-06-29 11:40:47,715 [INFO] PluginManager:220 - loadIPPluginJar : add freertos
2023-06-29 11:40:47,718 [INFO] IPUIPlugin:80 - create IPUIPlugin
2023-06-29 11:40:47,719 [INFO] PluginManager:220 - loadIPPluginJar : add i2s
2023-06-29 11:40:47,721 [INFO] IPUIPlugin:80 - create IPUIPlugin
2023-06-29 11:40:47,721 [INFO] PluginManager:220 - loadIPPluginJar : add tim
2023-06-29 11:40:47,724 [INFO] IPUIPlugin:80 - create IPUIPlugin
2023-06-29 11:40:47,725 [INFO] PluginManager:220 - loadIPPluginJar : add i2c
2023-06-29 11:40:47,726 [INFO] IPUIPlugin:80 - create IPUIPlugin
2023-06-29 11:40:47,727 [INFO] PluginManager:220 - loadIPPluginJar : add fatfs
2023-06-29 11:40:47,729 [INFO] IPUIPlugin:80 - create IPUIPlugin
2023-06-29 11:40:47,729 [INFO] PluginManager:220 - loadIPPluginJar : add genericplugin
2023-06-29 11:40:47,732 [INFO] IPUIPlugin:80 - create IPUIPlugin
2023-06-29 11:40:47,732 [INFO] PluginManager:220 - loadIPPluginJar : add aes
2023-06-29 11:40:47,741 [INFO] IPUIPlugin:80 - create IPUIPlugin
2023-06-29 11:40:47,745 [INFO] PluginManager:220 - loadIPPluginJar : add plateformsettings
2023-06-29 11:40:47,754 [INFO] IPUIPlugin:80 - create IPUIPlugin
2023-06-29 11:40:47,754 [INFO] PluginManager:220 - loadIPPluginJar : add dma
2023-06-29 11:40:47,760 [INFO] IPUIPlugin:80 - create IPUIPlugin
2023-06-29 11:40:47,760 [INFO] PluginManager:220 - loadIPPluginJar : add gpio
2023-06-29 11:40:47,764 [INFO] IPUIPlugin:80 - create IPUIPlugin
2023-06-29 11:40:47,764 [INFO] PluginManager:220 - loadIPPluginJar : add usart
2023-06-29 11:40:47,766 [INFO] IPUIPlugin:80 - create IPUIPlugin
2023-06-29 11:40:47,766 [INFO] PluginManager:220 - loadIPPluginJar : add ltdc
2023-06-29 11:40:47,774 [INFO] IPUIPlugin:80 - create IPUIPlugin
2023-06-29 11:40:47,774 [INFO] PluginManager:220 - loadIPPluginJar : add fmc
2023-06-29 11:40:47,777 [INFO] IPUIPlugin:80 - create IPUIPlugin
2023-06-29 11:40:47,777 [INFO] PluginManager:220 - loadIPPluginJar : add ts
2023-06-29 11:40:47,779 [INFO] IPUIPlugin:80 - create IPUIPlugin
2023-06-29 11:40:47,779 [INFO] PluginManager:220 - loadIPPluginJar : add quadspi
2023-06-29 11:40:47,787 [INFO] IPUIPlugin:80 - create IPUIPlugin
2023-06-29 11:40:47,787 [INFO] PluginManager:220 - loadIPPluginJar : add mdma
2023-06-29 11:40:47,791 [INFO] IPUIPlugin:80 - create IPUIPlugin
2023-06-29 11:40:47,791 [INFO] PluginManager:220 - loadIPPluginJar : add sai
2023-06-29 11:40:47,798 [INFO] IPUIPlugin:80 - create IPUIPlugin
2023-06-29 11:40:47,799 [INFO] PluginManager:220 - loadIPPluginJar : add stm32_wpan
2023-06-29 11:40:47,802 [INFO] IPUIPlugin:80 - create IPUIPlugin
2023-06-29 11:40:47,802 [INFO] PluginManager:220 - loadIPPluginJar : add gfxmmu
2023-06-29 11:40:47,806 [INFO] IPUIPlugin:80 - create IPUIPlugin
2023-06-29 11:40:47,807 [INFO] PluginManager:220 - loadIPPluginJar : add resmgrutility
2023-06-29 11:40:47,810 [INFO] IPUIPlugin:80 - create IPUIPlugin
2023-06-29 11:40:47,811 [INFO] PluginManager:220 - loadIPPluginJar : add openamp
2023-06-29 11:40:47,814 [INFO] IPUIPlugin:80 - create IPUIPlugin
2023-06-29 11:40:47,814 [INFO] PluginManager:220 - loadIPPluginJar : add dma3
2023-06-29 11:40:47,818 [INFO] IPUIPlugin:80 - create IPUIPlugin
2023-06-29 11:40:47,818 [INFO] PluginManager:220 - loadIPPluginJar : add hash
2023-06-29 11:40:47,826 [INFO] IPUIPlugin:80 - create IPUIPlugin
2023-06-29 11:40:47,826 [INFO] PluginManager:220 - loadIPPluginJar : add adc
2023-06-29 11:40:47,830 [INFO] IPUIPlugin:80 - create IPUIPlugin
2023-06-29 11:40:47,830 [INFO] PluginManager:220 - loadIPPluginJar : add lorawan
2023-06-29 11:40:47,833 [INFO] IPUIPlugin:80 - create IPUIPlugin
2023-06-29 11:40:47,834 [INFO] PluginManager:220 - loadIPPluginJar : add i3c
2023-06-29 11:40:47,838 [INFO] IPUIPlugin:80 - create IPUIPlugin
2023-06-29 11:40:47,838 [INFO] PluginManager:220 - loadIPPluginJar : add ipddr
2023-06-29 11:40:47,842 [INFO] IPUIPlugin:80 - create IPUIPlugin
2023-06-29 11:40:47,842 [INFO] PluginManager:220 - loadIPPluginJar : add opamp
2023-06-29 11:40:47,845 [INFO] IPUIPlugin:80 - create IPUIPlugin
2023-06-29 11:40:47,845 [INFO] PluginManager:220 - loadIPPluginJar : add tracer_emb
2023-06-29 11:40:47,855 [INFO] IPUIPlugin:80 - create IPUIPlugin
2023-06-29 11:40:47,855 [INFO] PluginManager:220 - loadIPPluginJar : add linkedlist
2023-06-29 11:40:47,858 [INFO] IPUIPlugin:80 - create IPUIPlugin
2023-06-29 11:40:47,859 [INFO] PluginManager:220 - loadIPPluginJar : add usbx
2023-06-29 11:40:47,863 [INFO] IPUIPlugin:80 - create IPUIPlugin
2023-06-29 11:40:47,864 [INFO] PluginManager:220 - loadIPPluginJar : add nvic
2023-06-29 11:40:47,866 [INFO] IPUIPlugin:80 - create IPUIPlugin
2023-06-29 11:40:47,867 [INFO] PluginManager:220 - loadIPPluginJar : add ucpd
2023-06-29 11:40:47,869 [INFO] IPUIPlugin:80 - create IPUIPlugin
2023-06-29 11:40:47,869 [INFO] PluginManager:220 - loadIPPluginJar : add comp
2023-06-29 11:40:47,871 [INFO] IPUIPlugin:80 - create IPUIPlugin
2023-06-29 11:40:47,871 [INFO] PluginManager:220 - loadIPPluginJar : add tsc
2023-06-29 11:40:47,874 [INFO] IPUIPlugin:80 - create IPUIPlugin
2023-06-29 11:40:47,875 [INFO] PluginManager:220 - loadIPPluginJar : add spi
2023-06-29 11:40:47,878 [INFO] IPUIPlugin:80 - create IPUIPlugin
2023-06-29 11:40:47,879 [INFO] PluginManager:220 - loadIPPluginJar : add pdm2pcm
2023-06-29 11:40:48,008 [INFO] CADModel:165 - CPN selected for project level
2023-06-29 11:40:48,009 [INFO] CADModel:114 - Register for checkConnection events
2023-06-29 11:40:48,010 [FATAL] Updater:308 - Updater called before beeing initialized
2023-06-29 11:40:48,010 [ERROR] CADModel:125 - Updater not yet initialized, retry later 
2023-06-29 11:40:48,291 [INFO] CADModel:165 - CPN selected for project level
2023-06-29 11:40:48,291 [INFO] CADModel:114 - Register for checkConnection events
2023-06-29 11:40:48,292 [FATAL] Updater:308 - Updater called before beeing initialized
2023-06-29 11:40:48,292 [ERROR] CADModel:125 - Updater not yet initialized, retry later 
2023-06-29 11:40:48,297 [FATAL] Updater:308 - Updater called before beeing initialized
2023-06-29 11:40:48,420 [FATAL] Updater:308 - Updater called before beeing initialized
2023-06-29 11:40:48,430 [INFO] DbMcusAds:53 - JSON generation date=Tue Mar 07 09:50:55 CET 2023 (1678179055335)
2023-06-29 11:40:48,431 [FATAL] Updater:308 - Updater called before beeing initialized
2023-06-29 11:40:48,485 [WARN] DetailPanel:346 - Failed to get advertising image, set to default
2023-06-29 11:40:48,621 [FATAL] Updater:308 - Updater called before beeing initialized
2023-06-29 11:40:48,623 [FATAL] Updater:308 - Updater called before beeing initialized
2023-06-29 11:40:48,623 [FATAL] Updater:308 - Updater called before beeing initialized
2023-06-29 11:40:48,623 [WARN] DetailPanel:346 - Failed to get advertising image, set to default
2023-06-29 11:40:48,625 [FATAL] Updater:308 - Updater called before beeing initialized
2023-06-29 11:40:48,669 [ERROR] Updater:1120 - MainUpdater not yet initialized. External WinMGr cannot be set.
2023-06-29 11:40:48,671 [INFO] Updater:1056 - Updater Version found : 6.8.1
2023-06-29 11:40:48,695 [INFO] ApplicationProperties:184 - Using Application install path: /opt/st/stm32cubeide_1.12.0/../../../home/tjp/.eclipse/com.st.stm32cube.ide.mcu.rcp.product_1.12.0_139061330_linux_gtk_x86_64/plugins/com.st.stm32cube.common.mx_6.8.1.202304191431
2023-06-29 11:40:48,894 [INFO] MainUpdater:2854 - connection check result : 10
2023-06-29 11:40:48,895 [INFO] MainUpdater:283 - Updater Check For Update Now.
2023-06-29 11:40:48,896 [INFO] MicroXplorer:498 - Change Database Version : DB.6.0.81
2023-06-29 11:40:49,096 [INFO] CheckServerUpdateThread:120 - End of CheckServer Thread
2023-06-29 11:40:49,108 [INFO] MainUpdater:2854 - connection check result : 10
2023-06-29 11:40:49,784 [INFO] ApiDb:581 - Connected to CubeFinder SQLite database (/home/tjp/.stmcufinder/plugins/mcufinder/mcu/cube-finder-db.db)
2023-06-29 11:40:49,932 [INFO] ApiDb:668 - CubeFinder database Data Model version=2.1
2023-06-29 11:40:49,932 [INFO] ApiDb:669 - CubeFinder database Configuration version=3.0.35
2023-06-29 11:40:49,933 [INFO] ApiDb:670 - CubeFinder database generation date=2023-05-12 (1683877179)
2023-06-29 11:40:49,933 [INFO] ApiDb:671 - CubeFinder database FW Pack versions=[FP-ATR-ASTRA1_V2.0.0, FP-SNS-FLIGHT1_V5.0.0, FP-SNS-MOTENV1_V4.3.0, STM32Cube_FW_C0_V1.0.1, STM32Cube_FW_F0_V1.11.4, STM32Cube_FW_F3_V1.11.4, STM32Cube_FW_F4_V1.27.1, STM32Cube_FW_F7_V1.17.0, STM32Cube_FW_G0_V1.6.1, STM32Cube_FW_G4_V1.5.1, STM32Cube_FW_H5_V0.5.1, STM32Cube_FW_H5_V1.0.0, STM32Cube_FW_H7_V1.11.0, STM32Cube_FW_L0_V1.12.2, STM32Cube_FW_L5_V1.5.0, STM32Cube_FW_U5_V1.2.0, STM32Cube_FW_WBA_V1.0.0, STM32Cube_FW_WBA_V1.0.0RC1, STM32Cube_FW_WBA_V1.0.0RC3, STM32Cube_FW_WB_V1.15.0RC1, STM32Cube_FW_WB_V1.16.0, STM32Cube_FW_WB_V1.16.0RC2, STM32Cube_FW_WL_V1.3.0, X-CUBE-ALGOBUILD_V1.3.0, X-CUBE-ALS_V1.0.1, X-CUBE-AZRTOS-F4_V1.1.0, X-CUBE-AZRTOS-F7_V1.1.0, X-CUBE-AZRTOS-G0_V1.1.0, X-CUBE-AZRTOS-G4_V2.0.0, X-CUBE-AZRTOS-H7_V3.1.0, X-CUBE-AZRTOS-L4_V1.0.0, X-CUBE-AZRTOS-L5_V1.1.0, X-CUBE-AZRTOS-WB_V1.1.0, X-CUBE-AZRTOS-WL_V1.0.0, X-CUBE-BLE1_V6.2.4, X-CUBE-BLE2_V3.3.0, X-CUBE-BLEMGR_V2.0.0, X-CUBE-EEPRMA1_V4.1.0, X-CUBE-FREERTOS_V1.0.1, X-CUBE-GNSS1_V6.0.0, X-CUBE-MEMS1_V9.1.0, X-CUBE-MEMS1_V9.4.0, X-CUBE-MEMS1_V9.6.0, X-CUBE-NFC4_V3.0.0, X-CUBE-NFC7_V1.0.0, X-CUBE-SFXS2LP1_V4.0.0, X-CUBE-SUBG2_V5.0.0]
2023-06-29 11:40:50,156 [INFO] DbBoardsSqlite:226 - include board P-NUCLEO-WB55-NUCLEO as a kit item of type 'Nucleo-64'
2023-06-29 11:40:50,157 [INFO] DbBoardsSqlite:226 - include board P-NUCLEO-WB55-USBDONGLE as a kit item of type 'Nucleo USB Dongle'
2023-06-29 11:40:50,157 [INFO] DbBoardsSqlite:226 - include board STEVAL-IDP005V1 as a kit item of type 'Evaluation Board'
2023-06-29 11:40:50,158 [INFO] DbBoardsSqlite:226 - include board STEVAL-IDP005V2 as a kit item of type 'Evaluation Board'
2023-06-29 11:40:50,193 [WARN] PackLoader:240 - Cannot read IP mode file for STMicroelectronics.X-CUBE-SMBUS.2.1.0
2023-06-29 11:40:50,242 [INFO] ApiDb:240 - Found 297 in-development CPN: [B-G473E-ZEST1S, B-WB1M-WPAN1, B-WL5M-SUBG1, NUCLEO-C031C6, NUCLEO-H503RB, NUCLEO-H563ZI, NUCLEO-U545RE-Q, NUCLEO-U5A5ZJ-Q, NUCLEO-WBA52CG, STEVAL-PROTEUS1, STEVAL-STWINBX1, STM320518-EVAL, STM32C0116-DK, STM32C011D6Y3TR, STM32C011D6Y6TR, STM32C011F4P3, STM32C011F4P6, STM32C011F4U3, STM32C011F4U6TR, STM32C011F6P3, STM32C011F6P6, STM32C011F6U3, STM32C011F6U6TR, STM32C011J4M3, STM32C011J4M6, STM32C011J6M3, STM32C011J6M6, STM32C0316-DK, STM32C031C4T3, STM32C031C4T6, STM32C031C4U3, STM32C031C4U6, STM32C031C6T3, STM32C031C6T6, STM32C031C6U3, STM32C031C6U6, STM32C031F4P3, STM32C031F4P6, STM32C031F6P3, STM32C031F6P6, STM32C031G4U3, STM32C031G4U6, STM32C031G6U3, STM32C031G6U6, STM32C031K4T3, STM32C031K4T6, STM32C031K4U3, STM32C031K4U6, STM32C031K6T3, STM32C031K6T6, STM32C031K6U3, STM32C031K6U6, STM32G071K8TXN, STM32G071K8UXN, STM32G081GBU6N, STM32G081KBT6N, STM32G081KBUXN, STM32G0B1CCT6N, STM32G0B1KCT6, STM32G0B1NEY6TR, STM32G0B1RCT6N, STM32G0C1CCT6, STM32G0C1CCT6N, STM32G0C1CCU6N, STM32G0C1CET6N, STM32G0C1CEU6N, STM32G0C1KCT6, STM32G0C1NEY6TR, STM32G0C1RCI6N, STM32G0C1RCT6N, STM32G0C1REI6N, STM32G0C1RET6N, STM32G0C1VCI6, STM32G0C1VEI6, STM32G471CCT6, STM32G471CCU6, STM32G471CET3, STM32G471CET6, STM32G471CEU3, STM32G471CEU6, STM32G471MCT6, STM32G471MET3, STM32G471MET6, STM32G471MEY6TR, STM32G471QCT6, STM32G471QET3, STM32G471RCT6, STM32G471RET3, STM32G471RET6, STM32G471VCH6, STM32G471VCI6, STM32G471VCT6, STM32G471VEH3, STM32G471VEH6, STM32G471VEI3, STM32G471VEI6, STM32G471VET3, STM32G471VET6, STM32G474CCT6, STM32H503CBT6, STM32H503CBU6, STM32H503EBY6TR, STM32H503KBU6, STM32H503RBT6, STM32H562AGI6, STM32H562AII6, STM32H562IGK6, STM32H562IGT6, STM32H562IIK6, STM32H562IIT6, STM32H562RGT6, STM32H562RGV6, STM32H562RIT6, STM32H562RIV6, STM32H562VGT6, STM32H562VIT6, STM32H562ZGT6, STM32H562ZIT6, STM32H563AGI6, STM32H563AII3Q, STM32H563AII6, STM32H563IGK6, STM32H563IGT6, STM32H563IIK3Q, STM32H563IIK6, STM32H563IIT3Q, STM32H563IIT6, STM32H563MIY3QTR, STM32H563RGT6, STM32H563RGV6, STM32H563RIT6, STM32H563RIV6, STM32H563VGT6, STM32H563VIT3Q, STM32H563VIT6, STM32H563ZGT6, STM32H563ZIT3Q, STM32H563ZIT6, STM32H573AII3Q, STM32H573AII6, STM32H573I-DK, STM32H573IIK3Q, STM32H573IIK6, STM32H573IIT3Q, STM32H573IIT6, STM32H573MIY3QTR, STM32H573RIT6, STM32H573RIV6, STM32H573VIT3Q, STM32H573VIT6, STM32H573ZIT3Q, STM32H573ZIT6, STM32L4R5QGI6STR, STM32MP131AAE3, STM32MP131AAF3, STM32MP131AAG3, STM32MP131CAE3, STM32MP131CAF3, STM32MP131CAG3, STM32MP131DAE7, STM32MP131DAF7, STM32MP131DAG7, STM32MP131FAE7, STM32MP131FAF7, STM32MP131FAG7, STM32MP133AAE3, STM32MP133AAF3, STM32MP133AAG3, STM32MP133CAE3, STM32MP133CAF3, STM32MP133CAG3, STM32MP133DAE7, STM32MP133DAF7, STM32MP133DAG7, STM32MP133FAE7, STM32MP133FAF7, STM32MP133FAG7, STM32MP135AAE3, STM32MP135AAF3, STM32MP135AAG3, STM32MP135CAE3, STM32MP135CAF3, STM32MP135CAG3, STM32MP135DAE7, STM32MP135DAF7, STM32MP135DAG7, STM32MP135F-DK, STM32MP135FAE7, STM32MP135FAF7, STM32MP135FAF7T, STM32MP135FAF7U, STM32MP135FAG7, STM32U535CBT6, STM32U535CBT6Q, STM32U535CBU6, STM32U535CBU6Q, STM32U535CCT6, STM32U535CCT6Q, STM32U535CCU6, STM32U535CCU6Q, STM32U535CET6, STM32U535CET6Q, STM32U535CEU6, STM32U535CEU6Q, STM32U535JEY6QTR, STM32U535NCY6QTR, STM32U535NEY6QTR, STM32U535RBI6, STM32U535RBI6Q, STM32U535RBT6, STM32U535RBT6Q, STM32U535RCI6, STM32U535RCI6Q, STM32U535RCT6, STM32U535RCT6Q, STM32U535REI6, STM32U535REI6Q, STM32U535RET6, STM32U535RET6Q, STM32U535VCI6, STM32U535VCI6Q, STM32U535VCT6, STM32U535VCT6Q, STM32U535VEI6, STM32U535VEI6Q, STM32U535VET6, STM32U535VET6Q, STM32U545CET6, STM32U545CET6Q, STM32U545CEU6, STM32U545CEU6Q, STM32U545JEY6QTR, STM32U545NEY6QTR, STM32U545REI6, STM32U545REI6Q, STM32U545RET6, STM32U545RET6Q, STM32U545VEI6, STM32U545VEI6Q, STM32U545VET6, STM32U545VET6Q, STM32U595AIH6, STM32U595AIH6Q, STM32U595AJH6, STM32U595AJH6Q, STM32U595QII6, STM32U595QII6Q, STM32U595QJI6, STM32U595QJI6Q, STM32U595RIT6, STM32U595RIT6Q, STM32U595RJT6, STM32U595RJT6Q, STM32U595VIT6, STM32U595VIT6Q, STM32U595VJT6, STM32U595VJT6Q, STM32U595ZIT6, STM32U595ZIT6Q, STM32U595ZIY6QTR, STM32U595ZJT6, STM32U595ZJT6Q, STM32U595ZJY6QTR, STM32U599BJY6QTR, STM32U599NIH6Q, STM32U599NJH6Q, STM32U599VIT6Q, STM32U599VJT6, STM32U599VJT6Q, STM32U599ZIT6Q, STM32U599ZIY6QTR, STM32U599ZJT6Q, STM32U599ZJY6QTR, STM32U5A5AJH6, STM32U5A5AJH6Q, STM32U5A5QJI6, STM32U5A5QJI6Q, STM32U5A5RJT6, STM32U5A5RJT6Q, STM32U5A5VJT6, STM32U5A5VJT6Q, STM32U5A5ZJT6, STM32U5A5ZJT6Q, STM32U5A5ZJY6QTR, STM32U5A9BJY6QTR, STM32U5A9J-DK, STM32U5A9NJH6Q, STM32U5A9VJT6Q, STM32U5A9ZJT6Q, STM32U5A9ZJY6QTR, STM32WB1MMCH6, STM32WBA52CEU6, STM32WBA52CEU6T, STM32WBA52CGU6, STM32WBA52CGU6T, STM32WL5MOCH6, STM32WL5MOCH6TR]
2023-06-29 11:40:50,354 [WARN] PackLoader:240 - Cannot read IP mode file for STMicroelectronics.X-CUBE-AZRTOS-F7.1.1.0
2023-06-29 11:40:50,429 [ERROR] RealEvaluatedCondition:428 - Found unsupported composite condition: GROUP='STM32_MetaDataManager' CLASS='Data Exchange'
2023-06-29 11:40:50,429 [ERROR] RealEvaluatedCondition:428 - Found unsupported composite condition: GROUP='STM32_MetaDataManager' CLASS='Data Exchange'
2023-06-29 11:40:50,431 [WARN] PackLoader:240 - Cannot read IP mode file for STMicroelectronics.FP-SNS-MOTENV1.4.3.0
2023-06-29 11:40:50,473 [WARN] PackLoader:240 - Cannot read IP mode file for STMicroelectronics.FP-SNS-MOTENV1.4.3.2
2023-06-29 11:40:50,480 [WARN] PackLoader:240 - Cannot read IP mode file for STMicroelectronics.FP-SNS-FLIGHT1.5.0.0
2023-06-29 11:40:50,484 [ERROR] RealEvaluatedCondition:428 - Found unsupported composite condition: GROUP='STM32_MetaDataManager' CLASS='Data Exchange'
2023-06-29 11:40:50,486 [ERROR] RealEvaluatedCondition:428 - Found unsupported composite condition: GROUP='STM32_MetaDataManager' CLASS='Data Exchange'
2023-06-29 11:40:50,489 [WARN] PackLoader:240 - Cannot read IP mode file for STMicroelectronics.FP-SNS-MOTENV1.4.3.1
2023-06-29 11:40:50,497 [WARN] PackLoader:240 - Cannot read IP mode file for STMicroelectronics.FP-SNS-FLIGHT1.5.0.1
2023-06-29 11:40:50,535 [WARN] PackLoader:240 - Cannot read IP mode file for STMicroelectronics.X-CUBE-BLE1.6.2.4
2023-06-29 11:40:50,564 [WARN] PackLoader:240 - Cannot read IP mode file for STMicroelectronics.X-CUBE-DISPLAY.3.0.0
2023-06-29 11:40:50,591 [WARN] PackLoader:240 - Cannot read IP mode file for STMicroelectronics.X-CUBE-TOUCHGFX.4.22.0
2023-06-29 11:40:50,628 [INFO] LogOutputStream:77 - [STDOUT_REDIRECT] 1 : Invalid condition id : UX_CORESTACK_Condition cause : null
2023-06-29 11:40:50,628 [INFO] LogOutputStream:77 - [STDOUT_REDIRECT] 1 : Invalid condition id : UX_CORESTACK_Condition cause : null
2023-06-29 11:40:50,628 [INFO] LogOutputStream:77 - [STDOUT_REDIRECT] 1 : Invalid condition id : UX_CORESTACK_Condition cause : null
2023-06-29 11:40:50,629 [INFO] LogOutputStream:77 - [STDOUT_REDIRECT] 1 : Invalid condition id : UX_CORESTACK_Condition cause : null
2023-06-29 11:40:50,629 [INFO] LogOutputStream:77 - [STDOUT_REDIRECT] 1 : Invalid condition id : UX_CORESTACK_Condition cause : null
2023-06-29 11:40:50,650 [WARN] PackLoader:240 - Cannot read IP mode file for STMicroelectronics.X-CUBE-AZRTOS-WL.2.0.0
2023-06-29 11:40:50,676 [WARN] PackLoader:240 - Cannot read IP mode file for WES.I-CUBE-Cesium.1.3.0
2023-06-29 11:40:50,693 [WARN] PackLoader:240 - Cannot read IP mode file for STMicroelectronics.X-CUBE-BLE2.3.3.0
2023-06-29 11:40:50,698 [WARN] PackLoader:240 - Cannot read IP mode file for STMicroelectronics.X-CUBE-TOUCHGFX.4.21.3
2023-06-29 11:40:50,779 [INFO] BoardInfo:880 - No configuration file found for board P-NUCLEO-WB55
2023-06-29 11:40:50,780 [INFO] DbBoards:157 - Kit is not supported: P-NUCLEO-WB55
2023-06-29 11:40:50,786 [INFO] BoardInfo:880 - No configuration file found for board STEVAL-BFA001V1B
2023-06-29 11:40:50,786 [INFO] DbBoards:157 - Kit is not supported: STEVAL-BFA001V1B
2023-06-29 11:40:50,788 [INFO] BoardInfo:880 - No configuration file found for board STEVAL-BFA001V2B
2023-06-29 11:40:50,788 [INFO] DbBoards:157 - Kit is not supported: STEVAL-BFA001V2B
2023-06-29 11:40:50,889 [WARN] PackLoader:240 - Cannot read IP mode file for STMicroelectronics.X-CUBE-TOUCHGFX.4.21.4
2023-06-29 11:40:50,906 [WARN] PackLoader:240 - Cannot read IP mode file for STMicroelectronics.X-CUBE-ALGOBUILD.1.3.0
2023-06-29 11:40:50,990 [WARN] PackLoader:240 - Cannot read IP mode file for STMicroelectronics.X-CUBE-AZRTOS-G0.1.1.0
2023-06-29 11:40:51,004 [WARN] PackLoader:240 - Cannot read IP mode file for STMicroelectronics.X-CUBE-NFC4.3.0.0
2023-06-29 11:40:51,013 [WARN] PackLoader:240 - Cannot read IP mode file for STMicroelectronics.FP-ATR-SIGFOX1.3.2.0
2023-06-29 11:40:51,014 [INFO] DbBoards:161 - Found 187 boards, 184 are supported
2023-06-29 11:40:51,020 [INFO] ApiDb:668 - CubeFinder database Data Model version=2.1
2023-06-29 11:40:51,020 [INFO] ApiDb:669 - CubeFinder database Configuration version=3.0.35
2023-06-29 11:40:51,021 [INFO] ApiDb:670 - CubeFinder database generation date=2023-05-12 (1683877179)
2023-06-29 11:40:51,021 [INFO] ApiDb:671 - CubeFinder database FW Pack versions=[FP-ATR-ASTRA1_V2.0.0, FP-SNS-FLIGHT1_V5.0.0, FP-SNS-MOTENV1_V4.3.0, STM32Cube_FW_C0_V1.0.1, STM32Cube_FW_F0_V1.11.4, STM32Cube_FW_F3_V1.11.4, STM32Cube_FW_F4_V1.27.1, STM32Cube_FW_F7_V1.17.0, STM32Cube_FW_G0_V1.6.1, STM32Cube_FW_G4_V1.5.1, STM32Cube_FW_H5_V0.5.1, STM32Cube_FW_H5_V1.0.0, STM32Cube_FW_H7_V1.11.0, STM32Cube_FW_L0_V1.12.2, STM32Cube_FW_L5_V1.5.0, STM32Cube_FW_U5_V1.2.0, STM32Cube_FW_WBA_V1.0.0, STM32Cube_FW_WBA_V1.0.0RC1, STM32Cube_FW_WBA_V1.0.0RC3, STM32Cube_FW_WB_V1.15.0RC1, STM32Cube_FW_WB_V1.16.0, STM32Cube_FW_WB_V1.16.0RC2, STM32Cube_FW_WL_V1.3.0, X-CUBE-ALGOBUILD_V1.3.0, X-CUBE-ALS_V1.0.1, X-CUBE-AZRTOS-F4_V1.1.0, X-CUBE-AZRTOS-F7_V1.1.0, X-CUBE-AZRTOS-G0_V1.1.0, X-CUBE-AZRTOS-G4_V2.0.0, X-CUBE-AZRTOS-H7_V3.1.0, X-CUBE-AZRTOS-L4_V1.0.0, X-CUBE-AZRTOS-L5_V1.1.0, X-CUBE-AZRTOS-WB_V1.1.0, X-CUBE-AZRTOS-WL_V1.0.0, X-CUBE-BLE1_V6.2.4, X-CUBE-BLE2_V3.3.0, X-CUBE-BLEMGR_V2.0.0, X-CUBE-EEPRMA1_V4.1.0, X-CUBE-FREERTOS_V1.0.1, X-CUBE-GNSS1_V6.0.0, X-CUBE-MEMS1_V9.1.0, X-CUBE-MEMS1_V9.4.0, X-CUBE-MEMS1_V9.6.0, X-CUBE-NFC4_V3.0.0, X-CUBE-NFC7_V1.0.0, X-CUBE-SFXS2LP1_V4.0.0, X-CUBE-SUBG2_V5.0.0]
2023-06-29 11:40:51,095 [WARN] PackLoader:240 - Cannot read IP mode file for STMicroelectronics.X-CUBE-MEMS1.9.5.0
2023-06-29 11:40:51,543 [WARN] PackLoader:240 - Cannot read IP mode file for SEGGER.I-CUBE-embOS.1.3.1
2023-06-29 11:40:51,612 [WARN] PackLoader:240 - Cannot read IP mode file for STMicroelectronics.X-CUBE-GNSS1.6.0.0
2023-06-29 11:40:51,654 [WARN] PackLoader:240 - Cannot read IP mode file for STMicroelectronics.X-CUBE-AZRTOS-F4.1.1.0
2023-06-29 11:40:51,738 [WARN] PackLoader:240 - Cannot read IP mode file for STMicroelectronics.X-CUBE-MEMS1.9.6.0
2023-06-29 11:40:51,962 [WARN] PackLoader:240 - Cannot read IP mode file for emotas.I-CUBE-CANOPEN.1.1.3
2023-06-29 11:40:51,975 [WARN] PackLoader:240 - Cannot read IP mode file for STMicroelectronics.X-CUBE-BLEMGR.2.0.0
2023-06-29 11:40:52,009 [WARN] ConditionMgr:438 - getConditionDescription Invalid condition id : UX DEVICE CLASS RTOS Condition cause : null
2023-06-29 11:40:52,009 [WARN] ConditionMgr:438 - getConditionDescription Invalid condition id : UX DEVICE CLASS RTOS Condition cause : null
2023-06-29 11:40:52,012 [WARN] PackLoader:240 - Cannot read IP mode file for STMicroelectronics.X-CUBE-AZRTOS-H7.3.1.0
2023-06-29 11:40:52,013 [WARN] ConditionMgr:1039 - genDependencies : Invalid condition id : UX DEVICE CLASS RTOS Condition cause : null
2023-06-29 11:40:52,014 [WARN] ConditionMgr:1039 - genDependencies : Invalid condition id : UX DEVICE CLASS RTOS Condition cause : null
2023-06-29 11:40:52,014 [WARN] ConditionMgr:1039 - genDependencies : Invalid condition id : UX DEVICE CLASS RTOS Condition cause : null
2023-06-29 11:40:52,032 [WARN] ConditionMgr:1039 - genDependencies : Invalid condition id : UX DEVICE CLASS RTOS Condition cause : null
2023-06-29 11:40:52,033 [WARN] ConditionMgr:1039 - genDependencies : Invalid condition id : UX DEVICE CLASS RTOS Condition cause : null
2023-06-29 11:40:52,037 [WARN] PackLoader:240 - Cannot read IP mode file for wolfSSL.I-CUBE-wolfSSL.5.5.4
2023-06-29 11:40:52,042 [WARN] PackLoader:240 - Cannot read IP mode file for STMicroelectronics.X-CUBE-NFC7.1.0.1
2023-06-29 11:40:52,051 [WARN] PackLoader:240 - Cannot read IP mode file for STMicroelectronics.X-CUBE-NFC7.1.0.0
2023-06-29 11:40:52,059 [WARN] PackLoader:240 - Cannot read IP mode file for STMicroelectronics.X-CUBE-EEPRMA1.4.1.0
2023-06-29 11:40:52,149 [WARN] ConditionMgr:438 - getConditionDescription Invalid condition id : LAN8742 Phy interface Condition cause : null
2023-06-29 11:40:52,150 [WARN] PackLoader:240 - Cannot read IP mode file for STMicroelectronics.X-CUBE-AZRTOS-L4.2.0.0
2023-06-29 11:40:52,152 [WARN] ConditionMgr:1039 - genDependencies : Invalid condition id : LAN8742 Phy interface Condition cause : null
2023-06-29 11:40:52,152 [WARN] ConditionMgr:1039 - genDependencies : Invalid condition id : LAN8742 Phy interface Condition cause : null
2023-06-29 11:40:52,153 [WARN] ConditionMgr:1039 - genDependencies : Invalid condition id : LAN8742 Phy interface Condition cause : null
2023-06-29 11:40:52,165 [WARN] PackLoader:240 - Cannot read IP mode file for STMicroelectronics.X-CUBE-SFXS2LP1.4.0.0
2023-06-29 11:40:52,201 [WARN] PackLoader:240 - Cannot read IP mode file for STMicroelectronics.X-CUBE-AZRTOS-H7.3.0.0
2023-06-29 11:40:52,223 [WARN] PackLoader:240 - Cannot read IP mode file for STMicroelectronics.X-CUBE-ISPU.1.1.0
2023-06-29 11:40:52,232 [WARN] PackLoader:240 - Cannot read IP mode file for RoweBots.I-CUBE-UNISONRTOS.5.5.0-4
2023-06-29 11:40:52,242 [WARN] PackLoader:240 - Cannot read IP mode file for STMicroelectronics.X-CUBE-AI.8.0.0
2023-06-29 11:40:52,255 [WARN] PackLoader:240 - Cannot read IP mode file for STMicroelectronics.X-CUBE-FREERTOS.1.0.0
2023-06-29 11:40:52,263 [WARN] PackLoader:240 - Cannot read IP mode file for STMicroelectronics.X-CUBE-FREERTOS.1.0.1
2023-06-29 11:40:52,292 [WARN] PackLoader:240 - Cannot read IP mode file for STMicroelectronics.X-CUBE-AZRTOS-L5.1.1.0
2023-06-29 11:40:52,301 [WARN] PackLoader:240 - Cannot read IP mode file for STMicroelectronics.X-CUBE-AI.8.0.1
2023-06-29 11:40:52,313 [WARN] PackLoader:240 - Cannot read IP mode file for STMicroelectronics.X-CUBE-SUBG2.5.0.0
2023-06-29 11:40:52,356 [WARN] PackLoader:240 - Cannot read IP mode file for STMicroelectronics.X-CUBE-AZRTOS-G4.2.0.0
2023-06-29 11:40:52,381 [WARN] PackLoader:240 - Cannot read IP mode file for STMicroelectronics.X-CUBE-TOF1.3.3.0
2023-06-29 11:40:52,552 [WARN] PackLoader:240 - Cannot read IP mode file for STMicroelectronics.FP-ATR-ASTRA1.1.1.1
2023-06-29 11:40:52,574 [WARN] PackLoader:240 - Cannot read IP mode file for STMicroelectronics.X-CUBE-AZRTOS-G4.1.0.0
2023-06-29 11:40:52,606 [WARN] PackLoader:240 - Cannot read IP mode file for STMicroelectronics.X-CUBE-AZRTOS-L4.1.0.0
2023-06-29 11:40:52,635 [WARN] PackLoader:240 - Cannot read IP mode file for STMicroelectronics.X-CUBE-AZRTOS-WL.1.0.0
2023-06-29 11:40:52,642 [WARN] PackLoader:240 - Cannot read IP mode file for portGmbH.I-Cube-SoM-uGOAL.1.1.0
2023-06-29 11:40:52,646 [WARN] PackLoader:240 - Cannot read IP mode file for STMicroelectronics.X-CUBE-ALS.1.0.1
2023-06-29 11:40:52,670 [WARN] PackLoader:240 - Cannot read IP mode file for STMicroelectronics.X-CUBE-AZRTOS-WB.1.1.0
2023-06-29 11:40:52,677 [WARN] PackLoader:240 - Cannot read IP mode file for STMicroelectronics.FP-ATR-ASTRA1.2.0.0
2023-06-29 11:40:52,690 [INFO] ThirdParty:978 - Integrity check success = true
2023-06-29 11:40:52,690 [INFO] IntegrityCheckThread:100 - exiting critical section [integrity check]
2023-06-29 11:40:52,690 [INFO] IntegrityCheckThread:103 - End integrity checks thread
2023-06-29 11:40:55,667 [INFO] ApiDb:240 - Found 297 in-development CPN: [B-G473E-ZEST1S, B-WB1M-WPAN1, B-WL5M-SUBG1, NUCLEO-C031C6, NUCLEO-H503RB, NUCLEO-H563ZI, NUCLEO-U545RE-Q, NUCLEO-U5A5ZJ-Q, NUCLEO-WBA52CG, STEVAL-PROTEUS1, STEVAL-STWINBX1, STM320518-EVAL, STM32C0116-DK, STM32C011D6Y3TR, STM32C011D6Y6TR, STM32C011F4P3, STM32C011F4P6, STM32C011F4U3, STM32C011F4U6TR, STM32C011F6P3, STM32C011F6P6, STM32C011F6U3, STM32C011F6U6TR, STM32C011J4M3, STM32C011J4M6, STM32C011J6M3, STM32C011J6M6, STM32C0316-DK, STM32C031C4T3, STM32C031C4T6, STM32C031C4U3, STM32C031C4U6, STM32C031C6T3, STM32C031C6T6, STM32C031C6U3, STM32C031C6U6, STM32C031F4P3, STM32C031F4P6, STM32C031F6P3, STM32C031F6P6, STM32C031G4U3, STM32C031G4U6, STM32C031G6U3, STM32C031G6U6, STM32C031K4T3, STM32C031K4T6, STM32C031K4U3, STM32C031K4U6, STM32C031K6T3, STM32C031K6T6, STM32C031K6U3, STM32C031K6U6, STM32G071K8TXN, STM32G071K8UXN, STM32G081GBU6N, STM32G081KBT6N, STM32G081KBUXN, STM32G0B1CCT6N, STM32G0B1KCT6, STM32G0B1NEY6TR, STM32G0B1RCT6N, STM32G0C1CCT6, STM32G0C1CCT6N, STM32G0C1CCU6N, STM32G0C1CET6N, STM32G0C1CEU6N, STM32G0C1KCT6, STM32G0C1NEY6TR, STM32G0C1RCI6N, STM32G0C1RCT6N, STM32G0C1REI6N, STM32G0C1RET6N, STM32G0C1VCI6, STM32G0C1VEI6, STM32G471CCT6, STM32G471CCU6, STM32G471CET3, STM32G471CET6, STM32G471CEU3, STM32G471CEU6, STM32G471MCT6, STM32G471MET3, STM32G471MET6, STM32G471MEY6TR, STM32G471QCT6, STM32G471QET3, STM32G471RCT6, STM32G471RET3, STM32G471RET6, STM32G471VCH6, STM32G471VCI6, STM32G471VCT6, STM32G471VEH3, STM32G471VEH6, STM32G471VEI3, STM32G471VEI6, STM32G471VET3, STM32G471VET6, STM32G474CCT6, STM32H503CBT6, STM32H503CBU6, STM32H503EBY6TR, STM32H503KBU6, STM32H503RBT6, STM32H562AGI6, STM32H562AII6, STM32H562IGK6, STM32H562IGT6, STM32H562IIK6, STM32H562IIT6, STM32H562RGT6, STM32H562RGV6, STM32H562RIT6, STM32H562RIV6, STM32H562VGT6, STM32H562VIT6, STM32H562ZGT6, STM32H562ZIT6, STM32H563AGI6, STM32H563AII3Q, STM32H563AII6, STM32H563IGK6, STM32H563IGT6, STM32H563IIK3Q, STM32H563IIK6, STM32H563IIT3Q, STM32H563IIT6, STM32H563MIY3QTR, STM32H563RGT6, STM32H563RGV6, STM32H563RIT6, STM32H563RIV6, STM32H563VGT6, STM32H563VIT3Q, STM32H563VIT6, STM32H563ZGT6, STM32H563ZIT3Q, STM32H563ZIT6, STM32H573AII3Q, STM32H573AII6, STM32H573I-DK, STM32H573IIK3Q, STM32H573IIK6, STM32H573IIT3Q, STM32H573IIT6, STM32H573MIY3QTR, STM32H573RIT6, STM32H573RIV6, STM32H573VIT3Q, STM32H573VIT6, STM32H573ZIT3Q, STM32H573ZIT6, STM32L4R5QGI6STR, STM32MP131AAE3, STM32MP131AAF3, STM32MP131AAG3, STM32MP131CAE3, STM32MP131CAF3, STM32MP131CAG3, STM32MP131DAE7, STM32MP131DAF7, STM32MP131DAG7, STM32MP131FAE7, STM32MP131FAF7, STM32MP131FAG7, STM32MP133AAE3, STM32MP133AAF3, STM32MP133AAG3, STM32MP133CAE3, STM32MP133CAF3, STM32MP133CAG3, STM32MP133DAE7, STM32MP133DAF7, STM32MP133DAG7, STM32MP133FAE7, STM32MP133FAF7, STM32MP133FAG7, STM32MP135AAE3, STM32MP135AAF3, STM32MP135AAG3, STM32MP135CAE3, STM32MP135CAF3, STM32MP135CAG3, STM32MP135DAE7, STM32MP135DAF7, STM32MP135DAG7, STM32MP135F-DK, STM32MP135FAE7, STM32MP135FAF7, STM32MP135FAF7T, STM32MP135FAF7U, STM32MP135FAG7, STM32U535CBT6, STM32U535CBT6Q, STM32U535CBU6, STM32U535CBU6Q, STM32U535CCT6, STM32U535CCT6Q, STM32U535CCU6, STM32U535CCU6Q, STM32U535CET6, STM32U535CET6Q, STM32U535CEU6, STM32U535CEU6Q, STM32U535JEY6QTR, STM32U535NCY6QTR, STM32U535NEY6QTR, STM32U535RBI6, STM32U535RBI6Q, STM32U535RBT6, STM32U535RBT6Q, STM32U535RCI6, STM32U535RCI6Q, STM32U535RCT6, STM32U535RCT6Q, STM32U535REI6, STM32U535REI6Q, STM32U535RET6, STM32U535RET6Q, STM32U535VCI6, STM32U535VCI6Q, STM32U535VCT6, STM32U535VCT6Q, STM32U535VEI6, STM32U535VEI6Q, STM32U535VET6, STM32U535VET6Q, STM32U545CET6, STM32U545CET6Q, STM32U545CEU6, STM32U545CEU6Q, STM32U545JEY6QTR, STM32U545NEY6QTR, STM32U545REI6, STM32U545REI6Q, STM32U545RET6, STM32U545RET6Q, STM32U545VEI6, STM32U545VEI6Q, STM32U545VET6, STM32U545VET6Q, STM32U595AIH6, STM32U595AIH6Q, STM32U595AJH6, STM32U595AJH6Q, STM32U595QII6, STM32U595QII6Q, STM32U595QJI6, STM32U595QJI6Q, STM32U595RIT6, STM32U595RIT6Q, STM32U595RJT6, STM32U595RJT6Q, STM32U595VIT6, STM32U595VIT6Q, STM32U595VJT6, STM32U595VJT6Q, STM32U595ZIT6, STM32U595ZIT6Q, STM32U595ZIY6QTR, STM32U595ZJT6, STM32U595ZJT6Q, STM32U595ZJY6QTR, STM32U599BJY6QTR, STM32U599NIH6Q, STM32U599NJH6Q, STM32U599VIT6Q, STM32U599VJT6, STM32U599VJT6Q, STM32U599ZIT6Q, STM32U599ZIY6QTR, STM32U599ZJT6Q, STM32U599ZJY6QTR, STM32U5A5AJH6, STM32U5A5AJH6Q, STM32U5A5QJI6, STM32U5A5QJI6Q, STM32U5A5RJT6, STM32U5A5RJT6Q, STM32U5A5VJT6, STM32U5A5VJT6Q, STM32U5A5ZJT6, STM32U5A5ZJT6Q, STM32U5A5ZJY6QTR, STM32U5A9BJY6QTR, STM32U5A9J-DK, STM32U5A9NJH6Q, STM32U5A9VJT6Q, STM32U5A9ZJT6Q, STM32U5A9ZJY6QTR, STM32WB1MMCH6, STM32WBA52CEU6, STM32WBA52CEU6T, STM32WBA52CGU6, STM32WBA52CGU6T, STM32WL5MOCH6, STM32WL5MOCH6TR]
2023-06-29 11:40:55,673 [INFO] DbMcus:216 - Found 3775 MCUs, 3775 are supported
2023-06-29 11:40:55,677 [INFO] ApiDb:423 - Load user favorites file /home/tjp/.stm32cubeide/favorites.mcus.txt: 0 item(s)
2023-06-29 11:40:55,678 [INFO] ApiDb:427 - User favorites MCUs=[]
2023-06-29 11:40:55,678 [INFO] DbMcus:222 - Set 0 / 0 favorites MCUs
2023-06-29 11:40:56,424 [INFO] ApiDb:423 - Load user favorites file /home/tjp/.stm32cubeide/favorites.boards.txt: 0 item(s)
2023-06-29 11:40:56,424 [INFO] ApiDb:427 - User favorites Boards=[]
2023-06-29 11:40:56,424 [INFO] DbBoards:190 - Set 0 / 0 favorites Boards
2023-06-29 11:40:56,425 [INFO] McuFinderGlobals:66 - Set McuFinderConnectedMode to true
2023-06-29 11:40:56,445 [INFO] MultiScanPanel:200 - Auto-refresh data requested => check proxy status ongoing
2023-06-29 11:40:56,450 [INFO] FinderPluginLoader:95 - Searching for filters in installed packs
2023-06-29 11:41:00,531 [INFO] LoadUrlFilesThread:185 - End of LoadServerUrlFiles without Thread
2023-06-29 11:41:00,566 [INFO] DetailPanel:341 - Set advertising image to /home/tjp/STM32Cube/Repository//en.prom-stm32h5-mcu-finder.jpg
2023-06-29 11:41:57,804 [INFO] MainUpdater:2854 - connection check result : 10
2023-06-29 11:41:57,805 [INFO] MainUpdater:2854 - connection check result : 10
2023-06-29 11:41:57,839 [INFO] MicroXplorer:468 - Change Database Path : 
2023-06-29 11:41:57,839 [INFO] MicroXplorer:498 - Change Database Version : DB.6.0.81
2023-06-29 11:41:57,841 [WARN] ThirdParty:871 - waiting for thirdparty lock release [close project]
2023-06-29 11:41:57,841 [INFO] ThirdParty:873 - entering critical section [close project]
2023-06-29 11:41:57,842 [INFO] ThirdParty:883 - exiting critical section [close project]
2023-06-29 11:41:57,885 [INFO] PinOutPanel:1499 - setPackage(No Configuration,No Configuration)
2023-06-29 11:41:57,892 [INFO] UtilMem:75 - Begin LoadConfig() Used Memory: 429675144 Bytes (544210944)
2023-06-29 11:41:57,894 [INFO] MicroXplorer:468 - Change Database Path : 
2023-06-29 11:41:57,894 [INFO] MicroXplorer:498 - Change Database Version : DB.6.0.81
2023-06-29 11:41:57,895 [INFO] OpenFileManager:308 - Change cursor
2023-06-29 11:41:58,000 [INFO] Mcu:1937 - Initializing MCU STM32G070CBTx STM32G070CBTx STM32G070CBT6
2023-06-29 11:42:00,795 [INFO] Context:659 - Trying to add GPIOservice into a context  which must be forbidden
2023-06-29 11:42:02,158 [INFO] RtosManager:555 - Registered RTOS mode: class=CMSIS, group=RTOS, mode=CMSIS_V1, owner=FREERTOS
2023-06-29 11:42:02,159 [INFO] RtosManager:555 - Registered RTOS mode: class=CMSIS, group=RTOS2, mode=CMSIS_V2, owner=FREERTOS
2023-06-29 11:42:02,159 [INFO] RtosManager:555 - Registered RTOS mode: class=RTOS, group=Core, mode=CMSIS_V1, owner=FREERTOS
2023-06-29 11:42:02,159 [INFO] RtosManager:555 - Registered RTOS mode: class=RTOS, group=Core, mode=CMSIS_V2, owner=FREERTOS
2023-06-29 11:42:02,159 [WARN] ModelIntegratedComponent:184 - Missing modes for component STMicroelectronics:FreeRTOS:0.0.1:STMicroelectronics:RTOS:FreeRTOS:Core:::10.2.0:
2023-06-29 11:42:02,188 [WARN] ModelIntegratedComponent:63 - No mode defined for component null
2023-06-29 11:42:02,188 [WARN] ModelIntegratedComponent:63 - No mode defined for component null
2023-06-29 11:42:02,188 [WARN] ModelIntegratedComponent:63 - No mode defined for component null
2023-06-29 11:42:02,188 [WARN] ModelIntegratedComponent:63 - No mode defined for component null
2023-06-29 11:42:02,188 [WARN] ModelIntegratedComponent:63 - No mode defined for component null
2023-06-29 11:42:02,188 [WARN] ModelIntegratedComponent:63 - No mode defined for component null
2023-06-29 11:42:02,188 [WARN] ModelIntegratedComponent:63 - No mode defined for component null
2023-06-29 11:42:02,189 [WARN] ModelIntegratedComponent:63 - No mode defined for component null
2023-06-29 11:42:02,189 [WARN] ModelIntegratedComponent:63 - No mode defined for component null
2023-06-29 11:42:02,189 [WARN] ModelIntegratedComponent:63 - No mode defined for component null
2023-06-29 11:42:02,189 [WARN] ModelIntegratedComponent:63 - No mode defined for component null
2023-06-29 11:42:02,189 [WARN] ModelIntegratedComponent:63 - No mode defined for component null
2023-06-29 11:42:02,189 [WARN] ModelIntegratedComponent:63 - No mode defined for component null
2023-06-29 11:42:02,189 [WARN] ModelIntegratedComponent:63 - No mode defined for component null
2023-06-29 11:42:02,189 [WARN] ModelIntegratedComponent:63 - No mode defined for component null
2023-06-29 11:42:02,189 [WARN] ModelIntegratedComponent:63 - No mode defined for component null
2023-06-29 11:42:02,189 [WARN] ModelIntegratedComponent:63 - No mode defined for component null
2023-06-29 11:42:02,189 [WARN] ModelIntegratedComponent:63 - No mode defined for component null
2023-06-29 11:42:02,189 [WARN] ModelIntegratedComponent:63 - No mode defined for component null
2023-06-29 11:42:02,189 [WARN] ModelIntegratedComponent:63 - No mode defined for component null
2023-06-29 11:42:02,190 [WARN] ModelIntegratedComponent:63 - No mode defined for component null
2023-06-29 11:42:02,190 [WARN] ModelIntegratedComponent:63 - No mode defined for component null
2023-06-29 11:42:02,190 [WARN] ModelIntegratedComponent:63 - No mode defined for component null
2023-06-29 11:42:02,190 [WARN] ModelIntegratedComponent:63 - No mode defined for component null
2023-06-29 11:42:02,190 [WARN] ModelIntegratedComponent:63 - No mode defined for component null
2023-06-29 11:42:02,190 [WARN] ModelIntegratedComponent:63 - No mode defined for component null
2023-06-29 11:42:02,190 [WARN] ModelIntegratedComponent:63 - No mode defined for component null
2023-06-29 11:42:02,190 [WARN] ModelIntegratedComponent:63 - No mode defined for component null
2023-06-29 11:42:02,190 [WARN] ModelIntegratedComponent:63 - No mode defined for component null
2023-06-29 11:42:02,190 [WARN] ModelIntegratedComponent:63 - No mode defined for component null
2023-06-29 11:42:02,190 [WARN] ModelIntegratedComponent:63 - No mode defined for component null
2023-06-29 11:42:02,190 [WARN] ModelIntegratedComponent:63 - No mode defined for component null
2023-06-29 11:42:02,191 [WARN] ModelIntegratedComponent:63 - No mode defined for component null
2023-06-29 11:42:02,416 [INFO] ThirdPartyModel:298 - Start build external matchings
2023-06-29 11:42:03,087 [INFO] ThirdPartyModel:316 - End build external matchings
2023-06-29 11:42:03,124 [WARN] IP:2113 - FIFOMode not found: check if there is a RefParameter without a condition.
2023-06-29 11:42:03,125 [WARN] IP:2113 - TXFIFOThreshold not found: check if there is a RefParameter without a condition.
2023-06-29 11:42:03,125 [WARN] IP:2113 - RXFIFOThreshold not found: check if there is a RefParameter without a condition.
2023-06-29 11:42:03,125 [WARN] IP:2113 - AutoBaudRateEnableParam not found: check if there is a RefParameter without a condition.
2023-06-29 11:42:03,457 [INFO] UtilMem:75 - End LoadConfig() Used Memory: 455616728 Bytes (625999872)
2023-06-29 11:42:03,662 [WARN] ThirdParty:833 - waiting for thirdparty lock release [change project]
2023-06-29 11:42:03,662 [INFO] ThirdParty:835 - entering critical section [change project]
2023-06-29 11:42:03,663 [INFO] ThirdParty:1030 - CMSIS Pack Vendor :STMicroelectronics X-CUBE-ISPU 1.1.0
2023-06-29 11:42:03,663 [INFO] ThirdParty:1030 - CMSIS Pack Vendor :RoweBots I-CUBE-UNISONRTOS 5.5.0-4
2023-06-29 11:42:03,663 [INFO] ThirdParty:1030 - CMSIS Pack Vendor :STMicroelectronics X-CUBE-GNSS1 6.0.0
2023-06-29 11:42:03,663 [INFO] ThirdParty:1030 - CMSIS Pack Vendor :STMicroelectronics USB_HOST 2.0.0
2023-06-29 11:42:03,664 [INFO] ThirdParty:1030 - CMSIS Pack Vendor :STMicroelectronics X-CUBE-AZRTOS-F4 1.1.0
2023-06-29 11:42:03,664 [INFO] ThirdParty:1030 - CMSIS Pack Vendor :STMicroelectronics LIBJPEG 8.0.0
2023-06-29 11:42:03,664 [INFO] ThirdParty:1030 - CMSIS Pack Vendor :STMicroelectronics X-CUBE-SMBUS 2.1.0
2023-06-29 11:42:03,664 [INFO] ThirdParty:1030 - CMSIS Pack Vendor :STMicroelectronics USB_DEVICE 3.0.0
2023-06-29 11:42:03,664 [INFO] ThirdParty:1030 - CMSIS Pack Vendor :STMicroelectronics X-CUBE-AI 8.0.0
2023-06-29 11:42:03,664 [INFO] ThirdParty:1030 - CMSIS Pack Vendor :STMicroelectronics X-CUBE-FREERTOS 1.0.0
2023-06-29 11:42:03,664 [INFO] ThirdParty:1030 - CMSIS Pack Vendor :STMicroelectronics X-CUBE-FREERTOS 1.0.1
2023-06-29 11:42:03,664 [INFO] ThirdParty:1030 - CMSIS Pack Vendor :STMicroelectronics X-CUBE-TOUCHGFX 4.21.3
2023-06-29 11:42:03,664 [INFO] ThirdParty:1030 - CMSIS Pack Vendor :STMicroelectronics X-CUBE-AZRTOS-F7 1.1.0
2023-06-29 11:42:03,665 [INFO] ThirdParty:1030 - CMSIS Pack Vendor :STMicroelectronics X-CUBE-TOUCHGFX 4.21.4
2023-06-29 11:42:03,665 [INFO] ThirdParty:1030 - CMSIS Pack Vendor :STMicroelectronics USB_DEVICE 2.0.0
2023-06-29 11:42:03,665 [INFO] ThirdParty:1030 - CMSIS Pack Vendor :STMicroelectronics X-CUBE-MEMS1 9.6.0
2023-06-29 11:42:03,665 [INFO] ThirdParty:1030 - CMSIS Pack Vendor :STMicroelectronics FP-SNS-MOTENV1 4.3.0
2023-06-29 11:42:03,665 [INFO] ThirdParty:1030 - CMSIS Pack Vendor :STMicroelectronics FP-SNS-MOTENV1 4.3.2
2023-06-29 11:42:03,665 [INFO] ThirdParty:1030 - CMSIS Pack Vendor :STMicroelectronics FP-SNS-FLIGHT1 5.0.0
2023-06-29 11:42:03,665 [INFO] ThirdParty:1030 - CMSIS Pack Vendor :STMicroelectronics FP-SNS-MOTENV1 4.3.1
2023-06-29 11:42:03,665 [INFO] ThirdParty:1030 - CMSIS Pack Vendor :STMicroelectronics FP-SNS-FLIGHT1 5.0.1
2023-06-29 11:42:03,665 [INFO] ThirdParty:1030 - CMSIS Pack Vendor :STMicroelectronics X-CUBE-ALGOBUILD 1.3.0
2023-06-29 11:42:03,665 [INFO] ThirdParty:1030 - CMSIS Pack Vendor :STMicroelectronics X-CUBE-BLE1 6.2.4
2023-06-29 11:42:03,665 [INFO] ThirdParty:1030 - CMSIS Pack Vendor :STMicroelectronics X-CUBE-AZRTOS-L5 1.1.0
2023-06-29 11:42:03,665 [INFO] ThirdParty:1030 - CMSIS Pack Vendor :STMicroelectronics FreeRTOS 0.0.1
2023-06-29 11:42:03,665 [INFO] ThirdParty:1030 - CMSIS Pack Vendor :STMicroelectronics X-CUBE-AZRTOS-G0 1.1.0
2023-06-29 11:42:03,666 [INFO] ThirdParty:1030 - CMSIS Pack Vendor :emotas I-CUBE-CANOPEN 1.1.3
2023-06-29 11:42:03,666 [INFO] ThirdParty:1030 - CMSIS Pack Vendor :STMicroelectronics X-CUBE-BLEMGR 2.0.0
2023-06-29 11:42:03,666 [INFO] ThirdParty:1030 - CMSIS Pack Vendor :STMicroelectronics X-CUBE-AI 8.0.1
2023-06-29 11:42:03,666 [INFO] ThirdParty:1030 - CMSIS Pack Vendor :STMicroelectronics X-CUBE-NFC4 3.0.0
2023-06-29 11:42:03,666 [INFO] ThirdParty:1030 - CMSIS Pack Vendor :STMicroelectronics X-CUBE-SUBG2 5.0.0
2023-06-29 11:42:03,666 [INFO] ThirdParty:1030 - CMSIS Pack Vendor :STMicroelectronics STM32_WPAN 1.0.0
2023-06-29 11:42:03,666 [INFO] ThirdParty:1030 - CMSIS Pack Vendor :STMicroelectronics lwIP 2.0.3
2023-06-29 11:42:03,666 [INFO] ThirdParty:1030 - CMSIS Pack Vendor :STMicroelectronics USB_HOST 1.0.0
2023-06-29 11:42:03,666 [INFO] ThirdParty:1030 - CMSIS Pack Vendor :STMicroelectronics X-CUBE-AZRTOS-G4 2.0.0
2023-06-29 11:42:03,666 [INFO] ThirdParty:1030 - CMSIS Pack Vendor :STMicroelectronics PDM2PCM 3.1.0
2023-06-29 11:42:03,666 [INFO] ThirdParty:1030 - CMSIS Pack Vendor :STMicroelectronics X-CUBE-AZRTOS-H7 3.1.0
2023-06-29 11:42:03,666 [INFO] ThirdParty:1030 - CMSIS Pack Vendor :STMicroelectronics X-CUBE-TOF1 3.3.0
2023-06-29 11:42:03,666 [INFO] ThirdParty:1030 - CMSIS Pack Vendor :STMicroelectronics FP-ATR-ASTRA1 1.1.1
2023-06-29 11:42:03,667 [INFO] ThirdParty:1030 - CMSIS Pack Vendor :STMicroelectronics PDM2PCM 3.3.0
2023-06-29 11:42:03,667 [INFO] ThirdParty:1030 - CMSIS Pack Vendor :STMicroelectronics X-CUBE-DISPLAY 3.0.0
2023-06-29 11:42:03,667 [INFO] ThirdParty:1030 - CMSIS Pack Vendor :STMicroelectronics FP-ATR-SIGFOX1 3.2.0
2023-06-29 11:42:03,667 [INFO] ThirdParty:1030 - CMSIS Pack Vendor :STMicroelectronics X-CUBE-AZRTOS-G4 1.0.0
2023-06-29 11:42:03,667 [INFO] ThirdParty:1030 - CMSIS Pack Vendor :wolfSSL I-CUBE-wolfSSL 5.5.4
2023-06-29 11:42:03,667 [INFO] ThirdParty:1030 - CMSIS Pack Vendor :STMicroelectronics X-CUBE-AZRTOS-L4 1.0.0
2023-06-29 11:42:03,667 [INFO] ThirdParty:1030 - CMSIS Pack Vendor :STMicroelectronics HAL Drivers 0.0.0
2023-06-29 11:42:03,667 [INFO] ThirdParty:1030 - CMSIS Pack Vendor :STMicroelectronics MBEDTLS 2.16.2
2023-06-29 11:42:03,667 [INFO] ThirdParty:1030 - CMSIS Pack Vendor :STMicroelectronics X-CUBE-TOUCHGFX 4.22.0
2023-06-29 11:42:03,667 [INFO] ThirdParty:1030 - CMSIS Pack Vendor :STMicroelectronics X-CUBE-NFC7 1.0.1
2023-06-29 11:42:03,667 [INFO] ThirdParty:1030 - CMSIS Pack Vendor :STMicroelectronics MBEDTLS 2.14.1
2023-06-29 11:42:03,667 [INFO] ThirdParty:1030 - CMSIS Pack Vendor :STMicroelectronics X-CUBE-NFC7 1.0.0
2023-06-29 11:42:03,668 [INFO] ThirdParty:1030 - CMSIS Pack Vendor :STMicroelectronics X-CUBE-AZRTOS-WL 1.0.0
2023-06-29 11:42:03,668 [INFO] ThirdParty:1030 - CMSIS Pack Vendor :STMicroelectronics X-CUBE-EEPRMA1 4.1.0
2023-06-29 11:42:03,668 [INFO] ThirdParty:1030 - CMSIS Pack Vendor :portGmbH I-Cube-SoM-uGOAL 1.1.0
2023-06-29 11:42:03,668 [INFO] ThirdParty:1030 - CMSIS Pack Vendor :STMicroelectronics X-CUBE-ALS 1.0.1
2023-06-29 11:42:03,668 [INFO] ThirdParty:1030 - CMSIS Pack Vendor :STMicroelectronics X-CUBE-MEMS1 9.5.0
2023-06-29 11:42:03,668 [INFO] ThirdParty:1030 - CMSIS Pack Vendor :STMicroelectronics ThreadX 1.0.0
2023-06-29 11:42:03,668 [INFO] ThirdParty:1030 - CMSIS Pack Vendor :STMicroelectronics X-CUBE-AZRTOS-WB 1.1.0
2023-06-29 11:42:03,668 [INFO] ThirdParty:1030 - CMSIS Pack Vendor :STMicroelectronics X-CUBE-AZRTOS-WL 2.0.0
2023-06-29 11:42:03,668 [INFO] ThirdParty:1030 - CMSIS Pack Vendor :SEGGER I-CUBE-embOS 1.3.1
2023-06-29 11:42:03,668 [INFO] ThirdParty:1030 - CMSIS Pack Vendor :STMicroelectronics USB_DEVICE 1.0.0
2023-06-29 11:42:03,668 [INFO] ThirdParty:1030 - CMSIS Pack Vendor :STMicroelectronics X-CUBE-AZRTOS-L4 2.0.0
2023-06-29 11:42:03,668 [INFO] ThirdParty:1030 - CMSIS Pack Vendor :STMicroelectronics ThreadX 0.0.2
2023-06-29 11:42:03,669 [INFO] ThirdParty:1030 - CMSIS Pack Vendor :WES I-CUBE-Cesium 1.3.0
2023-06-29 11:42:03,669 [INFO] ThirdParty:1030 - CMSIS Pack Vendor :STMicroelectronics FP-ATR-ASTRA1 2.0.0
2023-06-29 11:42:03,669 [INFO] ThirdParty:1030 - CMSIS Pack Vendor :STMicroelectronics lwIP 2.1.2
2023-06-29 11:42:03,669 [INFO] ThirdParty:1030 - CMSIS Pack Vendor :STMicroelectronics X-CUBE-SFXS2LP1 4.0.0
2023-06-29 11:42:03,669 [INFO] ThirdParty:1030 - CMSIS Pack Vendor :STMicroelectronics X-CUBE-BLE2 3.3.0
2023-06-29 11:42:03,669 [INFO] ThirdParty:1030 - CMSIS Pack Vendor :STMicroelectronics PDM2PCM 3.2.0
2023-06-29 11:42:03,669 [INFO] ThirdParty:1030 - CMSIS Pack Vendor :STMicroelectronics X-CUBE-AZRTOS-H7 3.0.0
2023-06-29 11:42:03,669 [INFO] ThirdParty:841 - exiting critical section [change project]
2023-06-29 11:42:04,298 [INFO] PinOutPanel:1499 - setPackage(No Configuration,No Configuration)
2023-06-29 11:42:04,301 [INFO] PinOutPanel:1499 - setPackage(STM32G070CBTx,LQFP48)
2023-06-29 11:42:05,156 [INFO] UtilMem:75 - Before build in PCC Used Memory: 531472080 Bytes (666894336)
2023-06-29 11:42:06,416 [INFO] UtilMem:75 - After build in PCC Used Memory: 537225216 Bytes (666894336)
2023-06-29 11:42:06,485 [INFO] IPUIPlugin:80 - create IPUIPlugin
2023-06-29 11:42:06,485 [INFO] IPUIPlugin:80 - create IPUIPlugin
2023-06-29 11:42:06,485 [INFO] IPUIPlugin:80 - create IPUIPlugin
2023-06-29 11:42:06,485 [INFO] IPUIPlugin:80 - create IPUIPlugin
2023-06-29 11:42:06,485 [INFO] IPUIPlugin:80 - create IPUIPlugin
2023-06-29 11:42:06,486 [INFO] IPUIPlugin:80 - create IPUIPlugin
2023-06-29 11:42:06,486 [INFO] IPUIPlugin:80 - create IPUIPlugin
2023-06-29 11:42:06,486 [INFO] IPUIPlugin:80 - create IPUIPlugin
2023-06-29 11:42:06,486 [INFO] IPUIPlugin:80 - create IPUIPlugin
2023-06-29 11:42:06,486 [INFO] IPUIPlugin:80 - create IPUIPlugin
2023-06-29 11:42:06,487 [INFO] IPUIPlugin:80 - create IPUIPlugin
2023-06-29 11:42:06,487 [INFO] IPUIPlugin:80 - create IPUIPlugin
2023-06-29 11:42:06,487 [INFO] IPUIPlugin:80 - create IPUIPlugin
2023-06-29 11:42:06,488 [INFO] IPUIPlugin:80 - create IPUIPlugin
2023-06-29 11:42:06,488 [INFO] IPUIPlugin:80 - create IPUIPlugin
2023-06-29 11:42:06,489 [INFO] IPUIPlugin:80 - create IPUIPlugin
2023-06-29 11:42:06,490 [INFO] IPUIPlugin:80 - create IPUIPlugin
2023-06-29 11:42:06,491 [INFO] IPUIPlugin:80 - create IPUIPlugin
2023-06-29 11:42:06,491 [INFO] IPUIPlugin:80 - create IPUIPlugin
2023-06-29 11:42:06,491 [INFO] IPUIPlugin:80 - create IPUIPlugin
2023-06-29 11:42:06,491 [INFO] IPUIPlugin:80 - create IPUIPlugin
2023-06-29 11:42:06,491 [INFO] IPUIPlugin:80 - create IPUIPlugin
2023-06-29 11:42:06,492 [INFO] IPUIPlugin:80 - create IPUIPlugin
2023-06-29 11:42:06,492 [INFO] IPUIPlugin:80 - create IPUIPlugin
2023-06-29 11:42:06,492 [INFO] IPUIPlugin:80 - create IPUIPlugin
2023-06-29 11:42:06,492 [INFO] IPUIPlugin:80 - create IPUIPlugin
2023-06-29 11:42:06,493 [INFO] IPUIPlugin:80 - create IPUIPlugin
2023-06-29 11:42:06,493 [INFO] IPUIPlugin:80 - create IPUIPlugin
2023-06-29 11:42:06,493 [INFO] IPUIPlugin:80 - create IPUIPlugin
2023-06-29 11:42:06,494 [INFO] IPUIPlugin:80 - create IPUIPlugin
2023-06-29 11:42:06,532 [WARN] IP:2113 - FIFOMode not found: check if there is a RefParameter without a condition.
2023-06-29 11:42:06,532 [WARN] IP:2113 - TXFIFOThreshold not found: check if there is a RefParameter without a condition.
2023-06-29 11:42:06,532 [WARN] IP:2113 - RXFIFOThreshold not found: check if there is a RefParameter without a condition.
2023-06-29 11:42:06,532 [WARN] IP:2113 - AutoBaudRateEnableParam not found: check if there is a RefParameter without a condition.
2023-06-29 11:42:06,904 [INFO] CADModel:165 - CPN selected for project levelSTM32G070CBT6
2023-06-29 11:42:06,904 [INFO] CADModel:114 - Register for checkConnection events
2023-06-29 11:42:07,001 [INFO] OpenFileManager:328 - Restore cursor
2023-06-29 11:42:07,272 [WARN] IP:2113 - FIFOMode not found: check if there is a RefParameter without a condition.
2023-06-29 11:42:07,272 [WARN] IP:2113 - TXFIFOThreshold not found: check if there is a RefParameter without a condition.
2023-06-29 11:42:07,272 [WARN] IP:2113 - RXFIFOThreshold not found: check if there is a RefParameter without a condition.
2023-06-29 11:42:07,272 [WARN] IP:2113 - AutoBaudRateEnableParam not found: check if there is a RefParameter without a condition.
2023-06-29 11:42:07,274 [WARN] IP:2113 - FIFOMode not found: check if there is a RefParameter without a condition.
2023-06-29 11:42:07,274 [WARN] IP:2113 - TXFIFOThreshold not found: check if there is a RefParameter without a condition.
2023-06-29 11:42:07,274 [WARN] IP:2113 - RXFIFOThreshold not found: check if there is a RefParameter without a condition.
2023-06-29 11:42:07,274 [WARN] IP:2113 - AutoBaudRateEnableParam not found: check if there is a RefParameter without a condition.
2023-06-29 11:42:08,011 [INFO] UtilMem:75 - End SaveConfig() Used Memory: 481455648 Bytes (666894336)
2023-06-29 11:42:08,113 [INFO] UtilMem:75 - End SaveConfig() Used Memory: 494871184 Bytes (666894336)
2023-06-29 11:42:08,859 [INFO] BlockDiagram:2759 - set Specific Code input for plugin: NVIC
2023-06-29 11:42:08,860 [INFO] BlockDiagram:2759 - set Specific Code input for plugin: USART
2023-06-29 11:42:08,860 [INFO] BlockDiagram:2759 - set Specific Code input for plugin: USART
2023-06-29 11:42:08,860 [INFO] BlockDiagram:2759 - set Specific Code input for plugin: USART
2023-06-29 11:42:08,860 [INFO] BlockDiagram:2759 - set Specific Code input for plugin: SYS
2023-06-29 11:42:08,860 [INFO] BlockDiagram:2759 - set Specific Code input for plugin: GPIO
2023-06-29 11:42:08,860 [INFO] BlockDiagram:2759 - set Specific Code input for plugin: RCC
2023-06-29 11:42:08,861 [INFO] CodeGenerator:793 - code generatio: config db path: /opt/st/stm32cubeide_1.12.0/../../../home/tjp/.eclipse/com.st.stm32cube.ide.mcu.rcp.product_1.12.0_139061330_linux_gtk_x86_64/plugins/com.st.stm32cube.common.mx_6.8.1.202304191431//db/
2023-06-29 11:42:08,969 [WARN] IP:2113 - FIFOMode not found: check if there is a RefParameter without a condition.
2023-06-29 11:42:08,969 [WARN] IP:2113 - TXFIFOThreshold not found: check if there is a RefParameter without a condition.
2023-06-29 11:42:08,969 [WARN] IP:2113 - RXFIFOThreshold not found: check if there is a RefParameter without a condition.
2023-06-29 11:42:08,969 [WARN] IP:2113 - AutoBaudRateEnableParam not found: check if there is a RefParameter without a condition.
2023-06-29 11:42:09,503 [INFO] CodeEngine:255 - oldGeneratedFile, /home/tjp/TJP_PRV/wd_relay3/SOFTWARE/wd_relay3/MXTmpFiles/license.tmp_save
2023-06-29 11:42:10,347 [INFO] CodeEngine:279 - Generated code: /home/tjp/TJP_PRV/wd_relay3/SOFTWARE/wd_relay3/MXTmpFiles/license.tmp
2023-06-29 11:42:10,925 [INFO] CodeEngine:255 - oldGeneratedFile, /home/tjp/TJP_PRV/wd_relay3/SOFTWARE/wd_relay3/MXTmpFiles/gpio.tmp_save
2023-06-29 11:42:11,314 [INFO] CodeEngine:279 - Generated code: /home/tjp/TJP_PRV/wd_relay3/SOFTWARE/wd_relay3/MXTmpFiles/gpio.tmp
2023-06-29 11:42:12,546 [INFO] CodeEngine:255 - oldGeneratedFile, /home/tjp/TJP_PRV/wd_relay3/SOFTWARE/wd_relay3/Core/Src/stm32g0xx_it.c_save
2023-06-29 11:42:12,697 [INFO] CodeEngine:279 - Generated code: /home/tjp/TJP_PRV/wd_relay3/SOFTWARE/wd_relay3/Core/Src/stm32g0xx_it.c
2023-06-29 11:42:12,699 [INFO] CodeEngine:255 - oldGeneratedFile, /home/tjp/TJP_PRV/wd_relay3/SOFTWARE/wd_relay3/Core/Inc/stm32g0xx_it.h_save
2023-06-29 11:42:12,797 [INFO] CodeEngine:279 - Generated code: /home/tjp/TJP_PRV/wd_relay3/SOFTWARE/wd_relay3/Core/Inc/stm32g0xx_it.h
2023-06-29 11:42:12,803 [INFO] CodeEngine:255 - oldGeneratedFile, /home/tjp/TJP_PRV/wd_relay3/SOFTWARE/wd_relay3/Core/Src/stm32g0xx_hal_msp.c_save
2023-06-29 11:42:12,982 [INFO] CodeEngine:279 - Generated code: /home/tjp/TJP_PRV/wd_relay3/SOFTWARE/wd_relay3/Core/Src/stm32g0xx_hal_msp.c
2023-06-29 11:42:12,984 [INFO] CodeEngine:255 - oldGeneratedFile, /home/tjp/TJP_PRV/wd_relay3/SOFTWARE/wd_relay3/MXTmpFiles/system.tmp_save
2023-06-29 11:42:13,106 [INFO] CodeEngine:279 - Generated code: /home/tjp/TJP_PRV/wd_relay3/SOFTWARE/wd_relay3/MXTmpFiles/system.tmp
2023-06-29 11:42:13,110 [INFO] CodeEngine:311 - oldGeneratedFile, /home/tjp/TJP_PRV/wd_relay3/SOFTWARE/wd_relay3/Core/Inc/stm32g0xx_hal_conf.h_save
2023-06-29 11:42:13,302 [INFO] CodeEngine:335 - Generated code: /home/tjp/TJP_PRV/wd_relay3/SOFTWARE/wd_relay3/Core/Inc/stm32g0xx_hal_conf.h
2023-06-29 11:42:13,357 [INFO] CodeEngine:255 - oldGeneratedFile, /home/tjp/TJP_PRV/wd_relay3/SOFTWARE/wd_relay3/Core/Inc/main.h_save
2023-06-29 11:42:13,517 [INFO] CodeEngine:279 - Generated code: /home/tjp/TJP_PRV/wd_relay3/SOFTWARE/wd_relay3/Core/Inc/main.h
2023-06-29 11:42:13,519 [INFO] CodeEngine:255 - oldGeneratedFile, /home/tjp/TJP_PRV/wd_relay3/SOFTWARE/wd_relay3/Core/Src/main.c_save
2023-06-29 11:42:13,725 [INFO] CodeEngine:279 - Generated code: /home/tjp/TJP_PRV/wd_relay3/SOFTWARE/wd_relay3/Core/Src/main.c
2023-06-29 11:42:15,126 [INFO] ProjectBuilder:2996 - Time for Copy HAL[1] : 54mS.
2023-06-29 11:42:15,174 [INFO] ProjectBuilder:4304 - Project Generator version: 3.19.2
2023-06-29 11:42:16,117 [INFO] ConfigFileManager:1483 - The Die is : DIE460
2023-06-29 11:42:16,131 [INFO] ApiDbMcu:507 - Load IP Config File for FATFS
2023-06-29 11:42:16,153 [INFO] ApiDbMcu:507 - Load IP Config File for FREERTOS
2023-06-29 11:42:17,767 [INFO] LogOutputStream:77 - [STDOUT_REDIRECT] 
2023-06-29 11:42:26,734 [INFO] ProjectBuilder:4505 - Time for Generating toolchain IDE Files: 11559mS.
2023-06-29 11:42:26,735 [INFO] ProjectBuilder:2867 - Time for Copy CMSIS : 1mS.
2023-06-29 11:42:26,737 [INFO] ProjectBuilder:2867 - Time for Copy CMSIS : 0mS.
2023-06-29 11:42:27,604 [INFO] McuFinderGlobals:66 - Set McuFinderConnectedMode to true
2023-06-29 11:42:27,860 [INFO] ApiDb:448 - Save user favorites file /home/tjp/.stm32cubeide/favorites.mcus.txt: 0 item(s)
2023-06-29 11:42:27,860 [INFO] ApiDb:452 - User favorites MCUs=[]
2023-06-29 11:43:51,475 [INFO] UtilMem:75 - End SaveConfig() Used Memory: 654845664 Bytes (911212544)
2023-06-29 11:43:52,115 [INFO] BlockDiagram:2759 - set Specific Code input for plugin: NVIC
2023-06-29 11:43:52,118 [INFO] BlockDiagram:2759 - set Specific Code input for plugin: USART
2023-06-29 11:43:52,118 [INFO] BlockDiagram:2759 - set Specific Code input for plugin: USART
2023-06-29 11:43:52,118 [INFO] BlockDiagram:2759 - set Specific Code input for plugin: USART
2023-06-29 11:43:52,119 [INFO] BlockDiagram:2759 - set Specific Code input for plugin: SYS
2023-06-29 11:43:52,119 [INFO] BlockDiagram:2759 - set Specific Code input for plugin: GPIO
2023-06-29 11:43:52,119 [INFO] BlockDiagram:2759 - set Specific Code input for plugin: RCC
2023-06-29 11:43:52,120 [INFO] CodeGenerator:793 - code generatio: config db path: /opt/st/stm32cubeide_1.12.0/../../../home/tjp/.eclipse/com.st.stm32cube.ide.mcu.rcp.product_1.12.0_139061330_linux_gtk_x86_64/plugins/com.st.stm32cube.common.mx_6.8.1.202304191431//db/
2023-06-29 11:43:52,198 [WARN] IP:2113 - FIFOMode not found: check if there is a RefParameter without a condition.
2023-06-29 11:43:52,198 [WARN] IP:2113 - TXFIFOThreshold not found: check if there is a RefParameter without a condition.
2023-06-29 11:43:52,199 [WARN] IP:2113 - RXFIFOThreshold not found: check if there is a RefParameter without a condition.
2023-06-29 11:43:52,199 [WARN] IP:2113 - AutoBaudRateEnableParam not found: check if there is a RefParameter without a condition.
2023-06-29 11:43:52,538 [INFO] CodeEngine:255 - oldGeneratedFile, /home/tjp/TJP_PRV/wd_relay3/SOFTWARE/wd_relay3/MXTmpFiles/license.tmp_save
2023-06-29 11:43:52,683 [INFO] CodeEngine:279 - Generated code: /home/tjp/TJP_PRV/wd_relay3/SOFTWARE/wd_relay3/MXTmpFiles/license.tmp
2023-06-29 11:43:52,889 [INFO] CodeEngine:255 - oldGeneratedFile, /home/tjp/TJP_PRV/wd_relay3/SOFTWARE/wd_relay3/MXTmpFiles/gpio.tmp_save
2023-06-29 11:43:53,051 [INFO] CodeEngine:279 - Generated code: /home/tjp/TJP_PRV/wd_relay3/SOFTWARE/wd_relay3/MXTmpFiles/gpio.tmp
2023-06-29 11:43:54,275 [INFO] CodeEngine:255 - oldGeneratedFile, /home/tjp/TJP_PRV/wd_relay3/SOFTWARE/wd_relay3/Core/Src/stm32g0xx_it.c_save
2023-06-29 11:43:54,441 [INFO] CodeEngine:279 - Generated code: /home/tjp/TJP_PRV/wd_relay3/SOFTWARE/wd_relay3/Core/Src/stm32g0xx_it.c
2023-06-29 11:43:54,444 [INFO] CodeEngine:255 - oldGeneratedFile, /home/tjp/TJP_PRV/wd_relay3/SOFTWARE/wd_relay3/Core/Inc/stm32g0xx_it.h_save
2023-06-29 11:43:54,552 [INFO] CodeEngine:279 - Generated code: /home/tjp/TJP_PRV/wd_relay3/SOFTWARE/wd_relay3/Core/Inc/stm32g0xx_it.h
2023-06-29 11:43:54,560 [INFO] CodeEngine:255 - oldGeneratedFile, /home/tjp/TJP_PRV/wd_relay3/SOFTWARE/wd_relay3/Core/Src/stm32g0xx_hal_msp.c_save
2023-06-29 11:43:54,748 [INFO] CodeEngine:279 - Generated code: /home/tjp/TJP_PRV/wd_relay3/SOFTWARE/wd_relay3/Core/Src/stm32g0xx_hal_msp.c
2023-06-29 11:43:54,750 [INFO] CodeEngine:255 - oldGeneratedFile, /home/tjp/TJP_PRV/wd_relay3/SOFTWARE/wd_relay3/MXTmpFiles/system.tmp_save
2023-06-29 11:43:54,846 [INFO] CodeEngine:279 - Generated code: /home/tjp/TJP_PRV/wd_relay3/SOFTWARE/wd_relay3/MXTmpFiles/system.tmp
2023-06-29 11:43:54,852 [INFO] CodeEngine:311 - oldGeneratedFile, /home/tjp/TJP_PRV/wd_relay3/SOFTWARE/wd_relay3/Core/Inc/stm32g0xx_hal_conf.h_save
2023-06-29 11:43:54,946 [INFO] CodeEngine:335 - Generated code: /home/tjp/TJP_PRV/wd_relay3/SOFTWARE/wd_relay3/Core/Inc/stm32g0xx_hal_conf.h
2023-06-29 11:43:54,986 [INFO] CodeEngine:255 - oldGeneratedFile, /home/tjp/TJP_PRV/wd_relay3/SOFTWARE/wd_relay3/Core/Inc/main.h_save
2023-06-29 11:43:55,166 [INFO] CodeEngine:279 - Generated code: /home/tjp/TJP_PRV/wd_relay3/SOFTWARE/wd_relay3/Core/Inc/main.h
2023-06-29 11:43:55,168 [INFO] CodeEngine:255 - oldGeneratedFile, /home/tjp/TJP_PRV/wd_relay3/SOFTWARE/wd_relay3/Core/Src/main.c_save
2023-06-29 11:43:55,370 [INFO] CodeEngine:279 - Generated code: /home/tjp/TJP_PRV/wd_relay3/SOFTWARE/wd_relay3/Core/Src/main.c
2023-06-29 11:43:56,157 [INFO] ProjectBuilder:2996 - Time for Copy HAL[1] : 61mS.
2023-06-29 11:43:56,172 [INFO] ProjectBuilder:4304 - Project Generator version: 3.19.2
2023-06-29 11:43:56,895 [INFO] ConfigFileManager:1483 - The Die is : DIE460
2023-06-29 11:43:59,342 [INFO] ProjectBuilder:4505 - Time for Generating toolchain IDE Files: 3170mS.
2023-06-29 11:43:59,343 [INFO] ProjectBuilder:2867 - Time for Copy CMSIS : 1mS.
2023-06-29 11:43:59,344 [INFO] ProjectBuilder:2867 - Time for Copy CMSIS : 1mS.
